<?xml version="1.0" encoding="UTF-8"?>
<!-- Generated by org.testng.reporters.JUnitReportReporter -->
<testsuite hostname="LakshmananSelva" failures="0" tests="1" name="com.manyavar.Validatelinks" time="36.740" errors="0" timestamp="2025-06-18T23:28:27 IST" skipped="0">
  <testcase classname="com.manyavar.Validatelinks" name="ratingTest" time="36.740"/>
</testsuite> <!-- com.manyavar.Validatelinks -->
