<?xml version="1.0" encoding="UTF-8"?>
<!-- Generated by org.testng.reporters.JUnitReportReporter -->
<testsuite hostname="LakshmananSelva" failures="0" tests="1" name="com.ninzahrm.ProjectTest" time="16.880" errors="0" timestamp="2025-06-21T15:05:58 IST" skipped="0">
  <testcase classname="com.ninzahrm.ProjectTest" name="sampleTest" time="16.880"/>
</testsuite> <!-- com.ninzahrm.ProjectTest -->
