<?xml version="1.0" encoding="UTF-8"?>
<!-- Generated by org.testng.reporters.JUnitReportReporter -->
<testsuite hostname="LakshmananSelva" failures="0" tests="1" name="com.olympics.OlympicsPlayersTest" time="108.585" errors="0" timestamp="2025-06-20T15:47:24 IST" skipped="0">
  <testcase classname="com.olympics.OlympicsPlayersTest" name="countryNameTest" time="108.585"/>
</testsuite> <!-- com.olympics.OlympicsPlayersTest -->
