<?xml version="1.0" encoding="UTF-8"?>
<!-- Generated by org.testng.reporters.JUnitReportReporter -->
<testsuite hostname="LakshmananSelva" failures="0" tests="1" name="com.redbus.ValidateSeatsTest" time="23.575" errors="0" timestamp="2025-06-20T11:44:14 IST" skipped="0">
  <testcase classname="com.redbus.ValidateSeatsTest" name="seatsTest" time="23.575"/>
</testsuite> <!-- com.redbus.ValidateSeatsTest -->
