<?xml version="1.0" encoding="UTF-8"?>
<!-- Generated by org.testng.reporters.JUnitReportReporter -->
<testsuite hostname="LakshmananSelva" failures="0" tests="1" name="com.Flipcart.product.FetchPrice" time="52.763" errors="0" timestamp="2025-06-27T11:16:19 IST" skipped="0">
  <testcase classname="com.Flipcart.product.FetchPrice" name="productTest" time="52.763"/>
</testsuite> <!-- com.Flipcart.product.FetchPrice -->
