<?xml version="1.0" encoding="UTF-8"?>
<!-- Generated by org.testng.reporters.JUnitReportReporter -->
<testsuite hostname="LakshmananSelva" failures="0" tests="1" name="com.worldometers.geography.UndernourishedPeople" time="62.582" errors="0" timestamp="2025-06-18T12:52:26 IST" skipped="0">
  <testcase classname="com.worldometers.geography.UndernourishedPeople" name="ratingTest" time="62.582"/>
</testsuite> <!-- com.worldometers.geography.UndernourishedPeople -->
