<?xml version="1.0" encoding="UTF-8"?>
<!-- Generated by org.testng.reporters.JUnitReportReporter -->
<testsuite hostname="LakshmananSelva" failures="0" tests="1" name="josalukas.ValidateLinks" time="22.327" errors="0" timestamp="2025-06-18T23:17:42 IST" skipped="0">
  <testcase classname="josalukas.ValidateLinks" name="ratingTest" time="22.327"/>
</testsuite> <!-- josalukas.ValidateLinks -->
