<?xml version="1.0" encoding="UTF-8"?>
<!-- Generated by org.testng.reporters.JUnitReportReporter -->
<testsuite hostname="LakshmananSelva" failures="0" tests="1" name="com.bcci.TestRanking" time="31.128" errors="0" timestamp="2025-06-20T14:56:29 IST" skipped="0">
  <testcase classname="com.bcci.TestRanking" name="ratingTest" time="31.128"/>
</testsuite> <!-- com.bcci.TestRanking -->
