<?xml version="1.0" encoding="UTF-8"?>
<!-- Generated by org.testng.reporters.JUnitReportReporter -->
<testsuite hostname="LakshmananSelva" failures="0" tests="1" name="com.bcci.T20Ranking" time="22.524" errors="0" timestamp="2025-06-18T11:51:06 IST" skipped="0">
  <testcase classname="com.bcci.T20Ranking" name="ratingTest" time="22.524"/>
</testsuite> <!-- com.bcci.T20Ranking -->
