<?xml version="1.0" encoding="UTF-8"?>
<!-- Generated by org.testng.reporters.JUnitReportReporter -->
<testsuite hostname="LakshmananSelva" failures="0" tests="1" name="olympicsSports.Sports" time="70.753" errors="0" timestamp="2025-06-18T00:19:01 IST" skipped="0">
  <testcase classname="olympicsSports.Sports" name="countryNameTest" time="70.753"/>
</testsuite> <!-- olympicsSports.Sports -->
