<?xml version="1.0" encoding="UTF-8"?>
<!-- Generated by org.testng.reporters.JUnitReportReporter -->
<testsuite hostname="LakshmananSelva" failures="0" tests="1" name="com.cricbuzz.BowlerRatingTest" time="92.447" errors="0" timestamp="2025-06-17T18:10:00 IST" skipped="0">
  <testcase classname="com.cricbuzz.BowlerRatingTest" name="ratingTest" time="92.447"/>
</testsuite> <!-- com.cricbuzz.BowlerRatingTest -->
