<?xml version="1.0" encoding="UTF-8"?>
<!-- Generated by org.testng.reporters.JUnitReportReporter -->
<testsuite hostname="LakshmananSelva" failures="0" tests="1" name="com.manapuram.PlaceholderTest" time="52.385" errors="0" timestamp="2025-06-19T00:12:17 IST" skipped="0">
  <testcase classname="com.manapuram.PlaceholderTest" name="ratingTest" time="52.385"/>
</testsuite> <!-- com.manapuram.PlaceholderTest -->
