<?xml version="1.0" encoding="UTF-8"?>
<!-- Generated by org.testng.reporters.JUnitReportReporter -->
<testsuite hostname="LakshmananSelva" failures="0" tests="1" name="com.redbus.UnreservedSeatsTest" time="323.726" errors="0" timestamp="2025-06-20T12:40:22 IST" skipped="0">
  <testcase classname="com.redbus.UnreservedSeatsTest" name="ratingTest" time="323.726"/>
</testsuite> <!-- com.redbus.UnreservedSeatsTest -->
