<?xml version="1.0" encoding="UTF-8"?>
<!-- Generated by org.testng.reporters.JUnitReportReporter -->
<testsuite hostname="LakshmananSelva" failures="0" tests="1" name="com.cricbuzz.BatsmanRatingTest" time="37.760" errors="0" timestamp="2025-06-20T13:02:26 IST" skipped="0">
  <testcase classname="com.cricbuzz.BatsmanRatingTest" name="ratingTest" time="37.760"/>
</testsuite> <!-- com.cricbuzz.BatsmanRatingTest -->
